{"name": "Kayitli bir tel no ile giris yapildiginda uyari meaji vermesinin kontrolu.", "status": "broken", "statusDetails": {"message": "selenium.common.exceptions.TimeoutException: Message: \nStacktrace:\n0   chromedriver                        0x0000000104dc3a18 chromedriver + 5216792\n1   chromedriver                        0x0000000104dbb653 chromedriver + 5183059\n2   chromedriver                        0x000000010492d527 chromedriver + 406823\n3   chromedriver                        0x0000000104978ff2 chromedriver + 716786\n4   chromedriver                        0x0000000104979181 chromedriver + 717185\n5   chromedriver                        0x00000001049bd1d4 chromedriver + 995796\n6   chromedriver                        0x000000010499b72d chromedriver + 857901\n7   chromedriver                        0x00000001049ba6bf chromedriver + 984767\n8   chromedriver                        0x000000010499b4a3 chromedriver + 857251\n9   chromedriver                        0x000000010496bfe3 chromedriver + 663523\n10  chromedriver                        0x000000010496c92e chromedriver + 665902\n11  chromedriver                        0x0000000104d81930 chromedriver + 4946224\n12  chromedriver                        0x0000000104d879e4 chromedriver + 4970980\n13  chromedriver                        0x0000000104d6242e chromedriver + 4817966\n14  chromedriver                        0x0000000104d884f9 chromedriver + 4973817\n15  chromedriver                        0x0000000104d526b4 chromedriver + 4753076\n16  chromedriver                        0x0000000104daaba8 chromedriver + 5114792\n17  chromedriver                        0x0000000104daad67 chromedriver + 5115239\n18  chromedriver                        0x0000000104dbb273 chromedriver + 5182067\n19  libsystem_pthread.dylib             0x00007ff81b5e5202 _pthread_start + 99\n20  libsystem_pthread.dylib             0x00007ff81b5e0bab thread_start + 15", "trace": "self = <test_kayit_ol.TestKayitOl testMethod=test_kayitli_telNo_uyari_mesaji_kontrolu_FAIL>\n\n    @allure.title(\"Kayitli bir tel no ile giris yapildiginda uyari meaji vermesinin kontrolu.\")\n    def test_kayitli_telNo_uyari_mesaji_kontrolu_FAIL(self):\n        kayit_ol_object = KayitOlFonksiyonu(self.driver)\n        kayit_ol_object.kayitOl_biliglerini_doldurur()\n        kayit_ol_object.mevcut_telNo_ile_sozlesmeler_sayfasi_doldurulur()\n>       self.soft_assert(self.assertEqual, kayit_ol_object.mevcut_telNo_uyarisi_kontrolu(), MEVCUT_TELNO_UYARISI_TEXT, f\"BEKLENILEN POPUP GORUNTULENMEDI. Beklenen: {MEVCUT_TELNO_UYARISI_TEXT}\")\n\ntests/test_kayit_ol.py:78: \n_ _ _ _ _ _ _ _ _ _ _ _ _ _ _ _ _ _ _ _ _ _ _ _ _ _ _ _ _ _ _ _ _ _ _ _ _ _ _ _ _ _ _ _ _ _ _ _ _ _ _ _ _ _ _ _ _ _ _ _ _ _ _ _ _\npages/kayit_ol.py:162: in mevcut_telNo_uyarisi_kontrolu\n    actual_telNo_uyarisi = self.wait_element_visibility(GORULECEKTEXT_LOCATE)\npages/PageBase.py:19: in wait_element_visibility\n    element = WebDriverWait(self.driver, 30).until(expected_conditions.visibility_of_element_located(locator))\n_ _ _ _ _ _ _ _ _ _ _ _ _ _ _ _ _ _ _ _ _ _ _ _ _ _ _ _ _ _ _ _ _ _ _ _ _ _ _ _ _ _ _ _ _ _ _ _ _ _ _ _ _ _ _ _ _ _ _ _ _ _ _ _ _\n\nself = <selenium.webdriver.support.wait.WebDriverWait (session=\"86e916999c1919d0d7acb0003cb49b32\")>\nmethod = <function visibility_of_element_located.<locals>._predicate at 0x1062d5ee0>, message = ''\n\n    def until(self, method: Callable[[D], Union[Literal[False], T]], message: str = \"\") -> T:\n        \"\"\"Calls the method provided with the driver as an argument until the \\\n        return value does not evaluate to ``False``.\n    \n        :param method: callable(WebDriver)\n        :param message: optional message for :exc:`TimeoutException`\n        :returns: the result of the last call to `method`\n        :raises: :exc:`selenium.common.exceptions.TimeoutException` if timeout occurs\n        \"\"\"\n        screen = None\n        stacktrace = None\n    \n        end_time = time.monotonic() + self._timeout\n        while True:\n            try:\n                value = method(self._driver)\n                if value:\n                    return value\n            except self._ignored_exceptions as exc:\n                screen = getattr(exc, \"screen\", None)\n                stacktrace = getattr(exc, \"stacktrace\", None)\n            time.sleep(self._poll)\n            if time.monotonic() > end_time:\n                break\n>       raise TimeoutException(message, screen, stacktrace)\nE       selenium.common.exceptions.TimeoutException: Message: \nE       Stacktrace:\nE       0   chromedriver                        0x0000000104dc3a18 chromedriver + 5216792\nE       1   chromedriver                        0x0000000104dbb653 chromedriver + 5183059\nE       2   chromedriver                        0x000000010492d527 chromedriver + 406823\nE       3   chromedriver                        0x0000000104978ff2 chromedriver + 716786\nE       4   chromedriver                        0x0000000104979181 chromedriver + 717185\nE       5   chromedriver                        0x00000001049bd1d4 chromedriver + 995796\nE       6   chromedriver                        0x000000010499b72d chromedriver + 857901\nE       7   chromedriver                        0x00000001049ba6bf chromedriver + 984767\nE       8   chromedriver                        0x000000010499b4a3 chromedriver + 857251\nE       9   chromedriver                        0x000000010496bfe3 chromedriver + 663523\nE       10  chromedriver                        0x000000010496c92e chromedriver + 665902\nE       11  chromedriver                        0x0000000104d81930 chromedriver + 4946224\nE       12  chromedriver                        0x0000000104d879e4 chromedriver + 4970980\nE       13  chromedriver                        0x0000000104d6242e chromedriver + 4817966\nE       14  chromedriver                        0x0000000104d884f9 chromedriver + 4973817\nE       15  chromedriver                        0x0000000104d526b4 chromedriver + 4753076\nE       16  chromedriver                        0x0000000104daaba8 chromedriver + 5114792\nE       17  chromedriver                        0x0000000104daad67 chromedriver + 5115239\nE       18  chromedriver                        0x0000000104dbb273 chromedriver + 5182067\nE       19  libsystem_pthread.dylib             0x00007ff81b5e5202 _pthread_start + 99\nE       20  libsystem_pthread.dylib             0x00007ff81b5e0bab thread_start + 15\n\n/Library/Frameworks/Python.framework/Versions/3.12/lib/python3.12/site-packages/selenium/webdriver/support/wait.py:105: TimeoutException"}, "start": 1714736196183, "stop": 1714736278362, "uuid": "df4600f5-6d9b-4b98-bc48-5da46c90be9d", "historyId": "e4c6ea0b5cc799614fef251d24e132a5", "testCaseId": "e4c6ea0b5cc799614fef251d24e132a5", "fullName": "tests.test_kayit_ol.TestKayitOl#test_kayitli_telNo_uyari_mesaji_kontrolu_FAIL", "labels": [{"name": "tag", "value": "@pytest.mark.usefixtures('setup')"}, {"name": "parentSuite", "value": "tests"}, {"name": "suite", "value": "test_kayit_ol"}, {"name": "subSuite", "value": "TestKayitOl"}, {"name": "host", "value": "elif.local"}, {"name": "thread", "value": "6751-MainThread"}, {"name": "framework", "value": "pytest"}, {"name": "language", "value": "cpython3"}, {"name": "package", "value": "tests.test_kayit_ol"}]}